SF:lib\data\datasource\series_local_data_source.dart
DA:13,1
DA:16,1
DA:18,3
DA:21,2
DA:26,1
DA:28,3
DA:31,2
DA:36,1
DA:37,3
DA:40,1
LF:10
LH:10
end_of_record
SF:lib\domain\entities\episodes.dart
DA:4,11
DA:26,3
DA:27,3
DA:28,3
DA:29,3
DA:30,3
DA:31,3
DA:32,3
DA:33,3
DA:34,3
DA:35,3
DA:36,3
LF:12
LH:12
end_of_record
SF:lib\domain\entities\genre.dart
DA:4,9
DA:12,2
DA:13,6
LF:3
LH:3
end_of_record
SF:lib\domain\entities\series_detail.dart
DA:5,11
DA:35,3
DA:36,3
DA:37,3
DA:38,3
DA:39,3
DA:40,3
DA:41,3
DA:42,3
DA:43,3
DA:44,3
DA:45,3
DA:46,3
DA:47,3
DA:48,3
DA:49,3
LF:16
LH:16
end_of_record
SF:lib\data\datasource\series_remote_data_source.dart
DA:26,1
DA:29,1
DA:31,5
DA:33,2
DA:34,4
DA:36,1
DA:41,1
DA:43,5
DA:45,2
DA:46,4
DA:48,1
DA:53,1
DA:55,5
DA:57,2
DA:58,4
DA:60,1
DA:65,1
DA:66,5
DA:68,2
DA:69,3
DA:71,1
DA:76,1
DA:77,2
DA:78,3
DA:80,2
DA:81,4
DA:83,1
DA:88,1
DA:89,2
DA:90,3
DA:92,2
DA:93,4
DA:95,1
DA:100,1
DA:101,2
DA:102,3
DA:104,2
DA:105,4
DA:107,1
LF:39
LH:39
end_of_record
SF:lib\data\models\episodes_model.dart
DA:5,6
DA:27,6
DA:28,3
DA:29,3
DA:30,3
DA:31,3
DA:32,3
DA:33,3
DA:34,3
DA:35,6
DA:36,3
DA:39,4
DA:40,2
DA:41,2
DA:42,2
DA:43,2
DA:44,2
DA:45,2
DA:46,2
DA:47,2
DA:48,2
DA:51,2
DA:52,2
DA:53,2
DA:54,2
DA:55,2
DA:56,2
DA:57,2
DA:58,2
DA:59,2
DA:60,2
DA:61,2
DA:65,3
DA:66,3
DA:67,3
DA:68,3
DA:69,3
DA:70,3
DA:71,3
DA:72,3
DA:73,3
DA:74,3
DA:75,3
LF:43
LH:43
end_of_record
SF:lib\data\models\series_detail_model.dart
DA:7,4
DA:37,2
DA:38,2
DA:39,2
DA:40,2
DA:41,2
DA:42,2
DA:43,4
DA:44,2
DA:45,2
DA:46,2
DA:47,2
DA:48,4
DA:49,2
DA:50,4
DA:51,2
DA:53,6
DA:56,2
DA:57,1
DA:58,1
DA:59,1
DA:60,3
DA:61,1
DA:62,1
DA:63,1
DA:64,1
DA:65,1
DA:66,1
DA:67,1
DA:68,1
DA:69,3
DA:72,2
DA:73,2
DA:74,2
DA:75,2
DA:76,2
DA:77,8
DA:78,2
DA:79,2
DA:80,2
DA:81,2
DA:82,2
DA:83,2
DA:84,2
DA:85,2
DA:86,6
DA:90,2
DA:91,2
DA:92,2
DA:93,2
DA:94,2
DA:95,2
DA:96,2
DA:97,2
DA:98,2
DA:99,2
DA:100,2
DA:101,2
DA:102,2
DA:103,2
DA:104,2
LF:61
LH:61
end_of_record
SF:lib\data\models\series_model.dart
DA:5,6
DA:31,6
DA:32,3
DA:33,3
DA:34,12
DA:35,3
DA:36,3
DA:37,3
DA:38,3
DA:39,6
DA:40,3
DA:41,6
DA:42,3
DA:45,4
DA:46,2
DA:47,2
DA:48,8
DA:49,2
DA:50,2
DA:51,2
DA:52,2
DA:53,2
DA:54,2
DA:55,2
DA:56,2
DA:59,2
DA:60,2
DA:61,2
DA:62,2
DA:63,2
DA:64,2
DA:65,2
DA:66,2
DA:67,2
DA:68,2
DA:69,2
DA:70,2
DA:71,2
DA:75,3
DA:76,3
DA:77,3
DA:78,3
DA:79,3
DA:80,3
DA:81,3
DA:82,3
DA:83,3
DA:84,3
DA:85,3
DA:86,3
DA:87,3
LF:51
LH:51
end_of_record
SF:lib\domain\entities\series.dart
DA:4,13
DA:30,7
DA:31,7
DA:32,7
DA:33,7
DA:34,7
DA:35,7
DA:36,7
DA:37,7
DA:38,7
DA:39,7
DA:40,7
DA:41,7
DA:42,7
LF:14
LH:14
end_of_record
SF:lib\data\models\episode_respons_model.dart
DA:5,3
DA:21,2
DA:22,2
DA:23,2
DA:24,2
DA:25,8
DA:26,2
DA:27,2
DA:28,2
DA:29,2
DA:32,2
DA:33,1
DA:34,5
DA:35,1
DA:36,1
DA:37,1
DA:38,1
DA:41,1
DA:42,1
DA:43,1
DA:44,1
DA:45,1
DA:46,1
DA:47,1
DA:48,1
LF:25
LH:25
end_of_record
SF:lib\data\models\series_response.dart
DA:7,3
DA:9,4
DA:10,4
DA:11,6
DA:12,6
DA:15,2
DA:16,5
DA:19,1
DA:20,2
LF:9
LH:9
end_of_record
SF:lib\data\models\genre_model.dart
DA:5,3
DA:13,2
DA:14,1
DA:15,1
DA:18,2
DA:19,1
DA:20,1
DA:23,2
DA:24,6
DA:27,1
DA:28,3
LF:11
LH:11
end_of_record
SF:lib\data\models\season_model.dart
DA:5,2
DA:21,2
DA:22,1
DA:23,1
DA:24,1
DA:25,1
DA:26,1
DA:27,1
DA:30,2
DA:31,1
DA:32,1
DA:33,1
DA:34,1
DA:35,1
DA:36,1
DA:39,1
DA:40,1
DA:41,1
DA:42,1
DA:43,1
DA:44,1
DA:45,1
DA:46,1
DA:50,1
DA:51,1
DA:52,1
DA:53,1
DA:54,1
DA:55,1
DA:56,1
DA:57,1
LF:31
LH:31
end_of_record
SF:lib\domain\entities\season.dart
DA:4,2
DA:20,1
DA:21,1
DA:22,1
DA:23,1
DA:24,1
DA:25,1
DA:26,1
DA:27,1
LF:9
LH:9
end_of_record
SF:lib\data\repositories\series_repository_impl.dart
DA:17,1
DA:23,1
DA:25,3
DA:26,5
DA:27,1
DA:28,2
DA:29,1
DA:30,2
DA:31,1
DA:32,4
DA:34,3
DA:39,1
DA:41,3
DA:42,5
DA:43,1
DA:44,2
DA:45,1
DA:46,2
DA:47,1
DA:48,4
DA:50,3
DA:55,1
DA:57,3
DA:58,5
DA:59,1
DA:60,2
DA:61,1
DA:62,2
DA:63,1
DA:64,4
DA:66,3
DA:71,1
DA:73,3
DA:74,2
DA:75,1
DA:76,2
DA:77,1
DA:78,2
DA:79,1
DA:80,4
DA:82,3
DA:87,1
DA:89,3
DA:90,3
DA:91,1
DA:92,2
DA:93,1
DA:94,2
DA:95,1
DA:96,4
DA:98,3
DA:103,1
DA:106,3
DA:107,5
DA:108,1
DA:109,2
DA:110,1
DA:111,2
DA:112,1
DA:113,4
DA:115,3
DA:120,1
DA:122,3
DA:123,5
DA:124,1
DA:125,2
DA:126,1
DA:127,2
DA:128,1
DA:129,4
DA:131,3
DA:136,1
DA:138,3
DA:139,1
DA:141,1
DA:142,1
DA:143,3
DA:150,1
DA:152,3
DA:153,1
DA:155,1
DA:156,1
DA:157,3
DA:162,1
DA:163,3
LF:85
LH:85
end_of_record
SF:lib\domain\usecase\get_now_playing_series.dart
DA:9,1
DA:11,1
DA:12,2
LF:3
LH:3
end_of_record
SF:lib\domain\usecase\get_popular_series.dart
DA:9,1
DA:11,1
DA:12,2
LF:3
LH:3
end_of_record
SF:lib\domain\usecase\get_series_detail.dart
DA:9,1
DA:11,1
DA:12,2
LF:3
LH:3
end_of_record
SF:lib\domain\usecase\get_series_episodes.dart
DA:9,1
DA:11,1
DA:12,2
LF:3
LH:3
end_of_record
SF:lib\domain\usecase\get_series_recomendation.dart
DA:9,1
DA:11,1
DA:12,2
LF:3
LH:3
end_of_record
SF:lib\domain\usecase\get_top_rated_series.dart
DA:9,1
DA:11,1
DA:12,2
LF:3
LH:3
end_of_record
SF:lib\domain\usecase\get_watchlist_status_series.dart
DA:6,1
DA:8,1
DA:9,2
LF:3
LH:3
end_of_record
SF:lib\domain\usecase\search_series.dart
DA:9,1
DA:11,1
DA:12,2
LF:3
LH:3
end_of_record
SF:lib\presentation\bloc\now_playing_series_bloc.dart
DA:13,1
DA:14,2
DA:15,2
DA:16,2
DA:17,3
DA:19,1
DA:20,1
DA:21,3
DA:23,1
DA:24,2
LF:10
LH:10
end_of_record
SF:lib\presentation\bloc\now_playing_series_state.dart
DA:4,4
DA:6,1
DA:7,1
DA:17,3
DA:19,1
DA:20,2
DA:26,2
DA:28,1
DA:29,2
LF:9
LH:9
end_of_record
SF:lib\presentation\bloc\now_playing_series_event.dart
DA:4,3
DA:6,1
DA:7,1
LF:3
LH:3
end_of_record
SF:lib\presentation\bloc\popular_series_event.dart
DA:4,4
DA:6,1
DA:7,1
LF:3
LH:3
end_of_record
SF:lib\presentation\bloc\popular_series_bloc.dart
DA:12,3
DA:13,2
DA:14,2
DA:15,3
DA:17,1
DA:18,1
DA:19,3
DA:21,1
DA:22,2
LF:9
LH:9
end_of_record
SF:lib\presentation\bloc\popular_series_state.dart
DA:4,6
DA:6,1
DA:7,1
DA:17,4
DA:19,1
DA:20,2
DA:26,3
DA:28,1
DA:29,2
LF:9
LH:9
end_of_record
SF:lib\presentation\bloc\search_series_state.dart
DA:4,2
DA:6,1
DA:7,1
DA:17,2
DA:19,1
DA:20,2
DA:26,1
DA:28,1
DA:29,2
LF:9
LH:9
end_of_record
SF:lib\presentation\bloc\search_series_event.dart
DA:4,2
DA:6,0
DA:7,0
DA:13,2
DA:15,0
DA:16,0
LF:6
LH:2
end_of_record
SF:lib\presentation\bloc\search_series_bloc.dart
DA:13,3
DA:14,2
DA:15,1
DA:17,2
DA:18,3
DA:20,1
DA:21,1
DA:22,3
DA:24,1
DA:25,2
DA:28,1
DA:31,1
DA:32,3
LF:13
LH:13
end_of_record
SF:lib\presentation\bloc\series_detail_state.dart
DA:17,3
DA:35,1
DA:49,1
DA:50,1
DA:51,1
DA:52,1
DA:53,1
DA:54,1
DA:55,1
DA:56,1
DA:57,1
DA:58,1
DA:59,1
DA:60,1
DA:61,1
DA:65,1
DA:66,1
DA:67,1
DA:68,1
DA:69,1
DA:70,1
DA:71,1
DA:72,1
DA:73,1
DA:74,1
DA:75,1
DA:76,1
DA:77,1
DA:78,1
DA:83,3
DA:84,3
DA:85,3
DA:91,2
DA:92,2
DA:93,2
DA:95,1
DA:96,1
DA:98,1
DA:99,1
DA:100,1
DA:106,1
DA:107,1
DA:108,1
LF:43
LH:43
end_of_record
SF:lib\presentation\bloc\series_detail_bloc.dart
DA:24,1
DA:31,2
DA:32,2
DA:33,1
DA:35,3
DA:40,3
DA:41,3
DA:43,2
DA:44,3
DA:46,1
DA:48,1
DA:49,3
DA:51,1
DA:52,2
DA:55,2
DA:56,2
DA:57,3
DA:59,1
DA:61,1
DA:62,3
DA:67,2
DA:69,3
DA:75,2
DA:76,1
DA:77,1
DA:79,3
DA:83,3
DA:85,2
DA:86,3
DA:88,1
DA:90,1
DA:91,3
DA:98,2
DA:99,1
DA:100,2
DA:101,1
DA:104,4
DA:107,1
DA:108,1
DA:109,1
DA:111,3
DA:113,2
DA:114,3
DA:115,1
DA:117,1
DA:118,3
DA:123,4
DA:127,1
DA:128,1
DA:129,1
DA:131,3
DA:133,2
DA:134,3
DA:135,1
DA:137,1
DA:138,3
DA:143,4
DA:147,2
DA:148,1
DA:150,3
DA:152,3
LF:61
LH:61
end_of_record
SF:lib\presentation\bloc\series_detail_event.dart
DA:4,3
DA:6,0
DA:7,0
DA:13,2
DA:15,0
DA:16,0
DA:23,1
DA:25,0
DA:26,0
DA:33,1
DA:35,0
DA:36,0
DA:42,3
DA:44,0
DA:45,0
DA:51,1
DA:53,0
DA:54,0
DA:60,1
DA:62,0
DA:63,0
LF:21
LH:7
end_of_record
SF:lib\presentation\bloc\top_rated_series_bloc_state.dart
DA:4,6
DA:6,1
DA:7,1
DA:17,4
DA:19,1
DA:20,2
DA:26,3
DA:28,1
DA:29,2
LF:9
LH:9
end_of_record
SF:lib\presentation\bloc\top_rated_series_bloc_event.dart
DA:4,4
DA:6,1
DA:7,1
LF:3
LH:3
end_of_record
SF:lib\presentation\bloc\top_rated_series_bloc_bloc.dart
DA:13,1
DA:14,2
DA:15,2
DA:16,2
DA:17,3
DA:19,1
DA:20,1
DA:21,3
DA:23,1
DA:24,2
LF:10
LH:10
end_of_record
SF:lib\presentation\pages\home_series_page.dart
DA:17,1
DA:19,1
DA:20,1
DA:24,1
DA:26,1
DA:27,2
DA:28,4
DA:29,4
DA:30,4
DA:34,1
DA:36,1
DA:37,1
DA:38,1
DA:39,1
DA:47,1
DA:50,0
DA:51,0
DA:57,1
DA:60,0
DA:61,0
DA:67,1
DA:70,0
DA:71,0
DA:74,1
DA:77,0
DA:78,0
DA:84,1
DA:85,0
DA:86,0
DA:97,1
DA:99,1
DA:100,1
DA:101,0
DA:102,0
DA:112,1
DA:114,1
DA:115,1
DA:117,1
DA:118,1
DA:120,1
DA:122,1
DA:123,1
DA:124,1
DA:128,1
DA:129,2
DA:130,1
DA:131,1
DA:133,2
DA:136,1
DA:140,1
DA:142,0
DA:147,1
DA:148,1
DA:149,1
DA:153,1
DA:154,2
DA:155,1
DA:156,1
DA:158,2
DA:161,1
DA:165,1
DA:167,0
DA:172,1
DA:173,1
DA:174,1
DA:178,1
DA:179,2
DA:180,1
DA:181,1
DA:183,2
DA:186,1
LF:71
LH:57
end_of_record
SF:lib\presentation\pages\popular_series_page.dart
DA:9,1
DA:11,1
DA:12,1
DA:16,1
DA:18,1
DA:19,1
DA:20,5
DA:23,1
DA:25,1
DA:26,1
DA:29,1
DA:31,1
DA:32,1
DA:33,1
DA:37,1
DA:38,1
DA:39,1
DA:40,2
DA:41,1
DA:43,2
DA:45,1
DA:46,1
DA:48,2
DA:51,1
LF:24
LH:24
end_of_record
SF:lib\presentation\pages\top_rated_series_page.dart
DA:9,1
DA:11,1
DA:12,1
DA:16,1
DA:18,1
DA:19,1
DA:20,5
DA:24,1
DA:26,1
DA:27,1
DA:30,1
DA:32,1
DA:33,1
DA:34,1
DA:38,1
DA:39,1
DA:40,1
DA:41,2
DA:42,1
DA:44,2
DA:46,1
DA:47,1
DA:49,2
DA:52,1
LF:24
LH:24
end_of_record
SF:lib\presentation\widgets\series_poster_list.dart
DA:10,2
DA:12,1
DA:14,1
DA:16,1
DA:18,1
DA:19,2
DA:20,1
DA:22,1
DA:23,0
DA:24,0
DA:27,0
DA:30,1
DA:32,1
DA:33,2
DA:34,1
DA:37,0
DA:43,2
LF:17
LH:13
end_of_record
SF:lib\presentation\widgets\series_card_list.dart
DA:10,4
DA:12,2
DA:14,2
DA:16,2
DA:17,0
DA:18,0
DA:21,0
DA:24,2
DA:26,2
DA:27,2
DA:28,2
DA:34,2
DA:36,2
DA:37,2
DA:38,4
DA:41,2
DA:44,2
DA:45,4
DA:53,2
DA:58,2
DA:59,2
DA:60,6
DA:62,2
DA:65,0
LF:24
LH:20
end_of_record
SF:lib\presentation\pages\series_detail_page.dart
DA:16,1
DA:18,1
DA:19,1
DA:23,1
DA:25,1
DA:26,2
DA:27,6
DA:28,6
DA:32,1
DA:34,1
DA:35,1
DA:36,1
DA:37,2
DA:41,2
DA:42,1
DA:43,1
DA:44,1
DA:46,1
DA:47,1
DA:48,1
DA:49,2
DA:52,2
DA:53,1
DA:55,1
DA:56,1
DA:57,1
DA:61,1
DA:62,1
DA:64,1
DA:81,1
DA:84,1
DA:86,1
DA:88,3
DA:89,1
DA:90,1
DA:91,1
DA:92,3
DA:94,1
DA:97,0
DA:99,1
DA:101,1
DA:102,1
DA:103,1
DA:115,1
DA:116,1
DA:117,1
DA:119,1
DA:121,1
DA:123,1
DA:124,1
DA:125,2
DA:126,1
DA:128,1
DA:129,0
DA:130,0
DA:133,0
DA:136,0
DA:137,0
DA:138,0
DA:142,0
DA:144,0
DA:145,0
DA:146,0
DA:152,0
DA:154,0
DA:155,0
DA:156,0
DA:159,1
DA:160,0
DA:161,0
DA:163,0
DA:164,0
DA:167,0
DA:168,0
DA:171,1
DA:173,1
DA:174,1
DA:182,1
DA:183,3
DA:185,1
DA:186,1
DA:187,1
DA:188,3
DA:190,1
DA:196,4
DA:200,1
DA:202,1
DA:204,1
DA:205,2
DA:208,1
DA:210,1
DA:212,1
DA:213,1
DA:214,2
DA:219,2
DA:221,2
DA:222,2
DA:224,1
DA:225,2
DA:226,1
DA:228,0
DA:229,0
DA:230,0
DA:232,0
DA:233,0
DA:234,0
DA:237,0
DA:240,0
DA:245,0
DA:247,0
DA:248,0
DA:254,0
DA:261,2
DA:265,1
DA:270,1
DA:272,1
DA:274,1
DA:275,1
DA:276,1
DA:278,1
DA:279,1
DA:282,1
DA:283,1
DA:284,0
DA:285,0
DA:287,0
DA:289,1
DA:291,0
DA:293,0
DA:294,0
DA:296,0
DA:304,1
DA:306,1
DA:308,1
DA:309,1
DA:310,2
DA:314,2
DA:316,2
DA:317,2
DA:319,1
DA:323,0
DA:324,0
DA:325,0
DA:330,0
DA:331,0
DA:332,0
DA:334,0
DA:335,0
DA:337,0
DA:338,0
DA:347,0
DA:349,0
DA:352,0
DA:357,0
DA:359,0
DA:360,0
DA:376,0
DA:378,0
DA:383,0
DA:387,0
DA:388,0
DA:389,0
DA:393,0
DA:395,0
DA:396,0
DA:400,0
DA:409,2
DA:412,1
DA:420,1
DA:422,1
DA:435,1
DA:437,1
DA:440,1
DA:442,0
DA:443,0
DA:453,1
DA:455,2
DA:456,3
DA:459,1
DA:463,3
LF:180
LH:112
end_of_record
