SF:lib\data\datasource\movie_local_data_source.dart
DA:14,1
DA:17,1
DA:19,3
DA:22,2
DA:27,1
DA:29,3
DA:32,2
DA:37,1
DA:38,3
DA:41,1
DA:48,1
DA:49,3
DA:51,4
LF:13
LH:13
end_of_record
SF:lib\domain\entities\genre.dart
DA:4,7
DA:12,2
DA:13,6
LF:3
LH:3
end_of_record
SF:lib\domain\entities\movie_detail.dart
DA:5,9
DA:33,3
DA:34,3
DA:35,3
DA:36,3
DA:37,3
DA:38,3
DA:39,3
DA:40,3
DA:41,3
DA:42,3
DA:43,3
DA:44,3
DA:45,3
LF:14
LH:14
end_of_record
SF:lib\data\datasource\movie_remote_data_source.dart
DA:24,1
DA:27,1
DA:29,5
DA:31,2
DA:32,4
DA:34,1
DA:39,1
DA:41,5
DA:43,2
DA:44,3
DA:46,1
DA:51,1
DA:52,2
DA:53,3
DA:55,2
DA:56,4
DA:58,1
DA:63,1
DA:65,5
DA:67,2
DA:68,4
DA:70,1
DA:75,1
DA:77,5
DA:79,2
DA:80,4
DA:82,1
DA:87,1
DA:88,2
DA:89,3
DA:91,2
DA:92,4
DA:94,1
LF:33
LH:33
end_of_record
SF:lib\data\models\movie_detail_model.dart
DA:6,4
DA:52,2
DA:53,2
DA:54,2
DA:55,2
DA:56,2
DA:57,2
DA:58,4
DA:59,2
DA:60,2
DA:61,2
DA:62,2
DA:63,2
DA:64,2
DA:65,4
DA:66,2
DA:67,2
DA:68,2
DA:69,2
DA:70,2
DA:71,2
DA:72,2
DA:73,2
DA:74,4
DA:75,2
DA:78,2
DA:79,1
DA:80,1
DA:81,1
DA:82,3
DA:83,1
DA:84,1
DA:85,1
DA:86,1
DA:87,1
DA:88,1
DA:89,1
DA:90,1
DA:91,1
DA:92,1
DA:93,1
DA:94,1
DA:95,1
DA:96,1
DA:97,1
DA:98,1
DA:99,1
DA:102,2
DA:103,2
DA:104,2
DA:105,2
DA:106,8
DA:107,2
DA:108,2
DA:109,2
DA:110,2
DA:111,2
DA:112,2
DA:113,2
DA:114,2
DA:115,2
DA:119,2
DA:120,2
DA:121,2
DA:122,2
DA:123,2
DA:124,2
DA:125,2
DA:126,2
DA:127,2
DA:128,2
DA:129,2
DA:130,2
DA:131,2
DA:132,2
DA:133,2
DA:134,2
DA:135,2
DA:136,2
DA:137,2
DA:138,2
DA:139,2
DA:140,2
DA:141,2
LF:84
LH:84
end_of_record
SF:lib\data\models\movie_model.dart
DA:6,6
DA:36,6
DA:37,3
DA:38,3
DA:39,12
DA:40,3
DA:41,3
DA:42,3
DA:43,6
DA:44,3
DA:45,3
DA:46,3
DA:47,3
DA:48,6
DA:49,3
DA:52,4
DA:53,2
DA:54,2
DA:55,8
DA:56,2
DA:57,2
DA:58,2
DA:59,2
DA:60,2
DA:61,2
DA:62,2
DA:63,2
DA:64,2
DA:65,2
DA:68,2
DA:69,2
DA:70,2
DA:71,2
DA:72,2
DA:73,2
DA:74,2
DA:75,2
DA:76,2
DA:77,2
DA:78,2
DA:79,2
DA:80,2
DA:81,2
DA:82,2
DA:86,3
DA:87,3
DA:88,3
DA:89,3
DA:90,3
DA:91,3
DA:92,3
DA:93,3
DA:94,3
DA:95,3
DA:96,3
DA:97,3
DA:98,3
DA:99,3
DA:100,3
LF:59
LH:59
end_of_record
SF:lib\domain\entities\movie.dart
DA:4,12
DA:34,7
DA:35,7
DA:36,7
DA:37,7
DA:38,7
DA:39,7
DA:40,7
DA:41,7
DA:42,7
DA:43,7
DA:44,7
DA:45,7
DA:46,7
DA:47,7
DA:48,7
LF:16
LH:16
end_of_record
SF:lib\data\models\movie_response.dart
DA:8,3
DA:10,4
DA:11,4
DA:12,6
DA:13,6
DA:16,2
DA:17,5
DA:20,1
DA:21,2
LF:9
LH:9
end_of_record
SF:lib\data\models\genre_model.dart
DA:5,3
DA:13,2
DA:14,1
DA:15,1
DA:18,2
DA:19,1
DA:20,1
DA:23,2
DA:24,6
DA:27,1
DA:28,3
LF:11
LH:11
end_of_record
SF:lib\data\repositoris\movie_repository_impl.dart
DA:16,1
DA:22,1
DA:24,3
DA:25,5
DA:26,1
DA:27,2
DA:28,1
DA:29,2
DA:30,1
DA:31,4
DA:33,3
DA:38,1
DA:40,3
DA:41,2
DA:42,1
DA:43,2
DA:44,1
DA:45,2
DA:46,1
DA:47,4
DA:49,3
DA:54,1
DA:56,3
DA:57,3
DA:58,1
DA:59,2
DA:60,1
DA:61,2
DA:62,1
DA:63,4
DA:65,3
DA:70,1
DA:72,3
DA:73,5
DA:74,1
DA:75,2
DA:76,1
DA:77,2
DA:78,1
DA:79,4
DA:81,3
DA:86,1
DA:88,3
DA:89,5
DA:90,1
DA:91,2
DA:92,1
DA:93,2
DA:94,1
DA:95,4
DA:97,3
DA:102,1
DA:104,3
DA:105,5
DA:106,1
DA:107,2
DA:108,1
DA:109,2
DA:110,1
DA:111,4
DA:113,3
DA:118,1
DA:120,3
DA:121,1
DA:123,1
DA:124,1
DA:125,3
DA:132,1
DA:134,3
DA:135,1
DA:137,1
DA:138,1
DA:139,3
DA:144,1
DA:145,3
DA:151,1
DA:152,3
DA:154,5
LF:78
LH:78
end_of_record
SF:lib\domain\usecases\get_movie_detail.dart
DA:9,1
DA:11,1
DA:12,2
LF:3
LH:3
end_of_record
SF:lib\domain\usecases\get_movie_recommendations.dart
DA:9,1
DA:11,1
DA:12,2
LF:3
LH:3
end_of_record
SF:lib\domain\usecases\get_now_playing_movies.dart
DA:9,1
DA:11,1
DA:12,2
LF:3
LH:3
end_of_record
SF:lib\domain\usecases\get_popular_movies.dart
DA:9,1
DA:11,1
DA:12,2
LF:3
LH:3
end_of_record
SF:lib\domain\usecases\get_top_rated_movies.dart
DA:9,1
DA:11,1
DA:12,2
LF:3
LH:3
end_of_record
SF:lib\domain\usecases\get_watchlist_status.dart
DA:6,1
DA:8,1
DA:9,2
LF:3
LH:3
end_of_record
SF:lib\domain\usecases\search_movies.dart
DA:9,1
DA:11,1
DA:12,2
LF:3
LH:3
end_of_record
SF:lib\presentation\bloc\movie_detail_event.dart
DA:4,4
DA:6,0
DA:7,0
DA:13,3
DA:15,0
DA:16,0
DA:22,4
DA:24,0
DA:25,0
DA:31,2
DA:33,0
DA:34,0
DA:40,2
DA:42,0
DA:43,0
LF:15
LH:5
end_of_record
SF:lib\presentation\bloc\movie_detail_state.dart
DA:12,3
DA:25,1
DA:34,1
DA:35,1
DA:36,1
DA:37,1
DA:38,1
DA:39,1
DA:40,1
DA:41,1
DA:45,1
DA:46,1
DA:47,1
DA:48,1
DA:49,1
DA:50,1
DA:51,1
DA:52,1
DA:53,1
DA:63,3
DA:64,2
DA:65,2
DA:67,1
DA:68,1
DA:70,1
DA:74,1
DA:75,1
LF:27
LH:27
end_of_record
SF:lib\presentation\bloc\movie_detail_bloc.dart
DA:21,1
DA:27,2
DA:28,1
DA:29,1
DA:30,1
DA:32,3
DA:37,3
DA:38,3
DA:40,2
DA:41,3
DA:43,1
DA:45,1
DA:46,3
DA:51,2
DA:52,3
DA:53,1
DA:56,1
DA:57,3
DA:66,1
DA:67,1
DA:68,1
DA:70,3
DA:72,2
DA:73,3
DA:74,1
DA:76,1
DA:77,3
DA:82,4
DA:86,1
DA:87,1
DA:88,1
DA:90,3
DA:92,2
DA:93,3
DA:94,1
DA:96,1
DA:97,3
DA:102,4
DA:106,2
DA:107,1
DA:109,3
DA:111,3
LF:42
LH:42
end_of_record
SF:lib\presentation\bloc\now_playing_movie_state.dart
DA:4,4
DA:6,1
DA:7,1
DA:17,3
DA:19,1
DA:20,2
DA:26,2
DA:28,1
DA:29,2
LF:9
LH:9
end_of_record
SF:lib\presentation\bloc\now_playing_movie_event.dart
DA:4,3
DA:6,1
DA:7,1
LF:3
LH:3
end_of_record
SF:lib\presentation\bloc\now_playing_movie_bloc.dart
DA:13,1
DA:14,2
DA:15,1
DA:16,1
DA:17,2
DA:19,3
DA:21,1
DA:22,1
DA:23,3
DA:25,1
DA:26,2
LF:11
LH:11
end_of_record
SF:lib\presentation\bloc\popular_movie_state.dart
DA:4,6
DA:6,1
DA:7,1
DA:17,4
DA:19,1
DA:20,2
DA:26,3
DA:28,1
DA:29,2
LF:9
LH:9
end_of_record
SF:lib\presentation\bloc\popular_movie_bloc.dart
DA:12,3
DA:13,2
DA:14,2
DA:15,3
DA:17,1
DA:18,1
DA:19,3
DA:21,1
DA:22,2
LF:9
LH:9
end_of_record
SF:lib\presentation\bloc\popular_movie_event.dart
DA:4,4
DA:6,1
DA:7,1
LF:3
LH:3
end_of_record
SF:lib\presentation\bloc\search_movie_state.dart
DA:4,2
DA:6,1
DA:7,1
DA:17,2
DA:19,1
DA:20,2
DA:26,1
DA:28,1
DA:29,2
LF:9
LH:9
end_of_record
SF:lib\presentation\bloc\search_movie_event.dart
DA:4,2
DA:6,0
DA:7,0
DA:13,2
DA:15,0
DA:16,0
LF:6
LH:2
end_of_record
SF:lib\presentation\bloc\search_movie_bloc.dart
DA:13,3
DA:14,2
DA:15,1
DA:17,2
DA:18,3
DA:20,1
DA:21,1
DA:22,3
DA:24,1
DA:25,2
DA:28,1
DA:31,1
DA:32,3
LF:13
LH:13
end_of_record
SF:lib\presentation\bloc\top_rated_movie_state.dart
DA:4,6
DA:6,1
DA:7,1
DA:17,4
DA:19,1
DA:20,2
DA:26,3
DA:28,1
DA:29,2
LF:9
LH:9
end_of_record
SF:lib\presentation\bloc\top_rated_movie_bloc.dart
DA:12,3
DA:13,2
DA:14,2
DA:15,3
DA:17,1
DA:18,1
DA:19,3
DA:21,1
DA:22,2
LF:9
LH:9
end_of_record
SF:lib\presentation\bloc\top_rated_movie_event.dart
DA:4,4
DA:6,1
DA:7,1
LF:3
LH:3
end_of_record
SF:lib\presentation\pages\home_movie_page.dart
DA:17,1
DA:19,1
DA:20,1
DA:24,1
DA:26,1
DA:27,2
DA:28,4
DA:29,4
DA:30,4
DA:34,1
DA:36,1
DA:37,1
DA:38,1
DA:39,1
DA:47,1
DA:50,0
DA:51,0
DA:57,1
DA:60,0
DA:61,0
DA:64,1
DA:67,0
DA:68,0
DA:74,1
DA:77,0
DA:78,0
DA:84,1
DA:85,0
DA:86,0
DA:97,1
DA:99,1
DA:100,1
DA:101,0
DA:102,0
DA:112,1
DA:114,1
DA:115,1
DA:117,1
DA:118,1
DA:120,1
DA:122,1
DA:123,1
DA:124,1
DA:128,1
DA:129,2
DA:130,1
DA:131,1
DA:133,2
DA:136,1
DA:140,1
DA:142,0
DA:147,1
DA:148,1
DA:149,1
DA:153,1
DA:154,2
DA:155,1
DA:156,1
DA:158,2
DA:161,1
DA:165,1
DA:167,0
DA:172,1
DA:173,1
DA:174,1
DA:178,1
DA:179,2
DA:180,1
DA:181,1
DA:183,2
DA:186,1
LF:71
LH:57
end_of_record
SF:lib\presentation\pages\movie_detail_page.dart
DA:15,1
DA:17,1
DA:18,1
DA:22,1
DA:24,1
DA:25,2
DA:26,6
DA:27,6
DA:31,1
DA:33,1
DA:34,1
DA:35,1
DA:36,2
DA:40,2
DA:41,1
DA:42,1
DA:43,1
DA:44,1
DA:45,1
DA:51,2
DA:52,1
DA:54,1
DA:55,1
DA:56,1
DA:60,1
DA:61,1
DA:63,1
DA:78,1
DA:80,1
DA:82,1
DA:84,3
DA:85,1
DA:86,1
DA:87,1
DA:88,3
DA:90,1
DA:93,0
DA:95,1
DA:97,1
DA:98,1
DA:99,1
DA:111,1
DA:112,1
DA:113,1
DA:115,1
DA:117,1
DA:119,1
DA:120,1
DA:121,2
DA:122,1
DA:124,1
DA:125,0
DA:126,0
DA:129,0
DA:132,0
DA:133,0
DA:134,0
DA:138,0
DA:140,0
DA:141,0
DA:142,0
DA:148,0
DA:149,0
DA:150,0
DA:151,0
DA:152,1
DA:153,0
DA:154,0
DA:156,0
DA:157,0
DA:160,0
DA:161,0
DA:164,1
DA:166,1
DA:167,1
DA:175,1
DA:176,3
DA:178,1
DA:179,3
DA:181,1
DA:182,1
DA:183,1
DA:184,3
DA:186,1
DA:192,4
DA:196,1
DA:198,1
DA:200,1
DA:201,2
DA:204,1
DA:206,1
DA:208,1
DA:209,1
DA:210,2
DA:215,2
DA:217,2
DA:218,2
DA:220,1
DA:222,1
DA:224,0
DA:225,0
DA:226,0
DA:228,0
DA:229,0
DA:230,0
DA:233,0
DA:236,0
DA:241,0
DA:243,0
DA:244,0
DA:250,0
DA:257,2
DA:261,1
DA:269,1
DA:271,1
DA:284,1
DA:286,1
DA:289,1
DA:291,0
DA:292,0
DA:301,1
DA:303,2
DA:304,3
DA:307,1
DA:311,3
DA:314,1
DA:315,1
DA:316,1
DA:318,1
DA:319,1
DA:321,0
LF:131
LH:95
end_of_record
SF:lib\presentation\pages\popular_movies_page.dart
DA:9,1
DA:11,1
DA:12,1
DA:16,1
DA:18,1
DA:19,1
DA:20,5
DA:23,1
DA:25,1
DA:26,1
DA:29,1
DA:31,1
DA:32,1
DA:33,1
DA:37,1
DA:38,1
DA:39,1
DA:40,2
DA:41,1
DA:43,2
DA:45,1
DA:46,1
DA:48,2
DA:51,1
LF:24
LH:24
end_of_record
SF:lib\presentation\pages\top_rated_movies_page.dart
DA:9,1
DA:11,1
DA:12,1
DA:16,1
DA:18,1
DA:19,1
DA:20,5
DA:24,1
DA:26,1
DA:27,1
DA:30,1
DA:32,1
DA:33,1
DA:34,1
DA:38,1
DA:39,1
DA:40,1
DA:41,2
DA:42,1
DA:44,2
DA:46,1
DA:47,1
DA:49,2
DA:52,1
LF:24
LH:24
end_of_record
SF:lib\presentation\widgets\movie_card_list.dart
DA:10,4
DA:12,2
DA:14,2
DA:16,2
DA:17,0
DA:18,0
DA:21,0
DA:24,2
DA:26,2
DA:27,2
DA:28,2
DA:34,2
DA:36,2
DA:37,2
DA:38,4
DA:41,2
DA:44,2
DA:45,4
DA:53,2
DA:58,2
DA:59,2
DA:60,6
DA:62,2
DA:65,0
LF:24
LH:20
end_of_record
SF:lib\presentation\widgets\movie_poster_list.dart
DA:10,2
DA:12,1
DA:14,1
DA:16,1
DA:18,1
DA:19,2
DA:20,1
DA:22,1
DA:23,0
DA:24,0
DA:27,0
DA:30,1
DA:32,1
DA:33,2
DA:34,1
DA:37,0
DA:43,2
LF:17
LH:13
end_of_record
