SF:lib\data\models\database_model.dart
DA:13,2
DA:21,2
DA:22,1
DA:23,1
DA:24,1
DA:25,1
DA:29,2
DA:30,1
DA:31,1
DA:32,1
DA:33,1
DA:37,2
DA:38,1
DA:39,1
DA:40,1
DA:41,1
DA:42,1
DA:45,2
DA:46,1
DA:47,1
DA:48,1
DA:49,1
DA:50,1
DA:53,1
DA:54,1
DA:55,1
DA:56,1
DA:57,1
DA:58,1
DA:59,1
DA:63,1
DA:64,1
DA:65,1
DA:66,1
DA:67,1
DA:68,1
DA:69,1
LF:37
LH:37
end_of_record
SF:lib\domain\entities\database.dart
DA:4,4
DA:18,2
DA:19,2
DA:20,2
DA:21,2
DA:22,2
DA:23,2
DA:24,2
LF:8
LH:8
end_of_record
SF:lib\data\datasource\database_helper.dart
DA:8,0
DA:12,0
DA:16,0
DA:18,0
DA:25,0
DA:26,0
DA:27,0
DA:29,0
DA:32,0
DA:37,0
DA:38,0
DA:46,0
DA:49,0
DA:50,0
DA:52,0
DA:55,0
DA:56,0
DA:58,0
DA:61,0
DA:65,0
DA:66,0
DA:67,0
DA:70,0
DA:73,0
DA:74,0
DA:80,0
DA:81,0
DA:82,0
LF:28
LH:0
end_of_record
SF:lib\domain\usecases\get_watchlist_movies.dart
DA:9,1
DA:11,1
DA:12,2
LF:3
LH:3
end_of_record
SF:lib\domain\usecases\remove_watchlist.dart
DA:8,1
DA:10,1
DA:11,2
LF:3
LH:3
end_of_record
SF:lib\domain\usecases\remove_watchlist_series.dart
DA:8,1
DA:10,1
DA:11,2
LF:3
LH:3
end_of_record
SF:lib\domain\usecases\save_watchlist.dart
DA:8,1
DA:10,1
DA:11,2
LF:3
LH:3
end_of_record
SF:lib\domain\usecases\save_watchlist_series.dart
DA:8,1
DA:10,1
DA:11,2
LF:3
LH:3
end_of_record
SF:lib\presentation\bloc\watchlist_state.dart
DA:4,3
DA:6,1
DA:7,1
DA:17,2
DA:19,1
DA:20,2
DA:26,3
DA:28,1
DA:29,2
LF:9
LH:9
end_of_record
SF:lib\presentation\bloc\watchlist_bloc.dart
DA:12,3
DA:13,2
DA:14,2
DA:15,3
DA:17,1
DA:18,1
DA:19,3
DA:21,1
DA:22,2
LF:9
LH:9
end_of_record
SF:lib\presentation\bloc\watchlist_event.dart
DA:4,3
DA:6,1
DA:7,1
LF:3
LH:3
end_of_record
SF:lib\presentation\pages\watchlist_movies_page.dart
DA:10,1
DA:11,1
DA:16,1
DA:18,1
DA:19,1
DA:20,5
DA:24,1
DA:26,1
DA:27,4
DA:30,0
DA:32,0
DA:35,1
DA:37,1
DA:38,1
DA:41,1
DA:43,1
DA:44,1
DA:45,1
DA:49,1
DA:50,2
DA:51,1
DA:52,1
DA:54,1
DA:58,1
DA:59,1
DA:60,2
DA:61,1
DA:63,2
DA:66,1
DA:67,1
DA:69,2
DA:72,1
DA:80,1
DA:82,2
DA:83,1
LF:35
LH:33
end_of_record
SF:lib\presentation\widgets\watchlist_card_list.dart
DA:11,1
DA:13,1
DA:15,1
DA:17,1
DA:18,0
DA:19,0
DA:20,0
DA:23,0
DA:25,0
DA:28,0
DA:31,1
DA:33,1
DA:34,1
DA:35,1
DA:41,1
DA:43,1
DA:44,1
DA:45,2
DA:48,1
DA:51,1
DA:52,2
DA:60,1
DA:65,1
DA:66,1
DA:67,3
DA:69,1
DA:72,0
LF:27
LH:20
end_of_record
