SF:lib\pages\home_page.dart
DA:10,1
DA:11,1
DA:15,1
DA:17,1
DA:18,2
DA:19,4
DA:20,4
DA:21,4
DA:22,4
DA:26,1
DA:28,1
DA:29,1
DA:30,1
DA:31,1
DA:32,1
DA:33,1
DA:34,1
DA:36,1
DA:37,1
DA:39,1
DA:40,1
DA:41,1
DA:42,0
DA:43,0
DA:46,1
DA:47,1
DA:48,1
DA:49,0
DA:50,0
DA:56,1
DA:57,1
DA:58,1
DA:59,0
DA:60,0
DA:66,1
DA:67,1
DA:68,1
DA:69,0
DA:70,0
DA:76,1
DA:77,0
DA:78,0
DA:83,1
DA:84,1
DA:89,1
DA:90,1
DA:92,1
DA:94,1
DA:95,1
DA:97,1
DA:98,1
DA:100,0
DA:105,1
DA:106,1
DA:107,1
DA:108,1
DA:109,1
DA:111,1
DA:112,2
DA:113,1
DA:114,1
DA:115,1
DA:116,2
DA:119,1
DA:123,1
DA:125,0
DA:130,1
DA:131,1
DA:132,1
DA:133,1
DA:134,1
DA:136,1
DA:137,2
DA:138,1
DA:139,1
DA:140,1
DA:141,2
DA:144,1
DA:148,1
DA:150,0
DA:155,1
DA:156,1
DA:157,1
DA:158,1
DA:159,1
DA:161,1
DA:162,2
DA:163,1
DA:164,1
DA:165,1
DA:166,2
DA:169,1
DA:173,1
DA:175,0
DA:180,1
DA:181,1
DA:182,1
DA:183,1
DA:184,1
DA:186,1
DA:187,2
DA:188,1
DA:189,1
DA:190,1
DA:191,2
DA:194,1
LF:106
LH:92
end_of_record
